2024-04-03T18:10:28: 
2024-04-03T18:10:28:    INFO  Server running on [http://127.0.0.1:8000].  
2024-04-03T18:10:28: 
2024-04-03T18:10:28:   Press Ctrl+C to stop the server
2024-04-03T18:10:28: 
2024-04-03T18:10:30:   2024-04-03 18:10:29
2024-04-03T18:10:30:  ................................................... ~ 1s
2024-04-03T18:10:30:  ........................................ ~ 0s
2024-04-03T18:10:30:  . ~ 0s
2024-04-03T18:10:30:   2024-04-03 18:10:30
2024-04-03T18:10:30:  /favicon.ico ...................................... ~ 0s
2024-04-03T18:10:41:   2024-04-03 18:10:41
2024-04-03T18:10:41:  ................................................... ~ 0s
2024-04-03T18:10:41:  ........................................ ~ 0s
2024-04-03T18:10:41: 
2024-04-03T18:10:41:    INFO  Server running on [http://127.0.0.1:8000].  
2024-04-03T18:10:41: 
2024-04-03T18:10:41:   Press Ctrl+C to stop the server
2024-04-03T18:10:41: 
2024-04-03T18:10:45: 
2024-04-03T18:10:45:    INFO  Server running on [http://127.0.0.1:8000].  
2024-04-03T18:10:45: 
2024-04-03T18:10:45:   Press Ctrl+C to stop the server
2024-04-03T18:10:45: 
2024-04-03T18:10:47:   2024-04-03 18:10:46
2024-04-03T18:10:47:  ...................................................
2024-04-03T18:10:47:  ~ 1s
2024-04-03T18:10:56:   2024-04-03 18:10:56
2024-04-03T18:10:56:  ................................................... ~ 0s
2024-04-03T18:10:56:   2024-04-03 18:10:56 /js/app.js ........................................
2024-04-03T18:10:56:  ~ 0s
2024-04-03T18:10:57: 
2024-04-03T18:10:57:    INFO  Server running on [http://127.0.0.1:8000].  
2024-04-03T18:10:57: 
2024-04-03T18:10:57:   Press Ctrl+C to stop the server
2024-04-03T18:10:57: 
2024-04-03T18:17:08:   2024-04-03 18:17:07
2024-04-03T18:17:08:  ...................................................
2024-04-03T18:17:08:  ~ 1s
2024-04-03T18:17:08:   2024-04-03 18:17:08 /js/app.js ........................................ ~ 0s
2024-04-03T18:17:08: 
2024-04-03T18:17:08:    INFO  Server running on [http://127.0.0.1:8000].  
2024-04-03T18:17:08: 
2024-04-03T18:17:08:   Press Ctrl+C to stop the server
2024-04-03T18:17:08: 
